INFO: [VRFC 10-2263] Analyzing Verilog file "C:/Users/priya/MTTS-Signal-Processing-TS-LINK/ofdm_transmitter_hdl/ofdm_transmitter.sim/sim_1/synth/func/xsim/tb_top_func_synth.v" into library xil_defaultlib
INFO: [VRFC 10-311] analyzing module counter
INFO: [VRFC 10-311] analyzing module counter__parameterized0
INFO: [VRFC 10-311] analyzing module fft_ip
INFO: [VRFC 10-311] analyzing module fft_ip_wrapper
INFO: [VRFC 10-311] analyzing module fft_ip_xfft_0_0
INFO: [VRFC 10-311] analyzing module mapping
INFO: [VRFC 10-311] analyzing module message_bram
INFO: [VRFC 10-311] analyzing module message_rom
INFO: [VRFC 10-311] analyzing module sym1_bram
INFO: [VRFC 10-311] analyzing module sym1_rom
INFO: [VRFC 10-311] analyzing module sym2_bram
INFO: [VRFC 10-311] analyzing module sym2_rom
INFO: [VRFC 10-311] analyzing module top
INFO: [VRFC 10-311] analyzing module fft_ip_xfft_v9_1_14
INFO: [VRFC 10-311] analyzing module fft_ip_adder
INFO: [VRFC 10-311] analyzing module fft_ip_adder__parameterized0
INFO: [VRFC 10-311] analyzing module fft_ip_adder__parameterized0_31
INFO: [VRFC 10-311] analyzing module fft_ip_adder__parameterized0_32
INFO: [VRFC 10-311] analyzing module fft_ip_adder__parameterized0_5
INFO: [VRFC 10-311] analyzing module fft_ip_adder__parameterized0_84
INFO: [VRFC 10-311] analyzing module fft_ip_adder__parameterized0_85
INFO: [VRFC 10-311] analyzing module fft_ip_adder__parameterized1
INFO: [VRFC 10-311] analyzing module fft_ip_adder__parameterized2
INFO: [VRFC 10-311] analyzing module fft_ip_adder__parameterized2_19
INFO: [VRFC 10-311] analyzing module fft_ip_adder__parameterized2_62
INFO: [VRFC 10-311] analyzing module fft_ip_adder__parameterized2_63
INFO: [VRFC 10-311] analyzing module fft_ip_adder__parameterized3
INFO: [VRFC 10-311] analyzing module fft_ip_adder_bypass
INFO: [VRFC 10-311] analyzing module fft_ip_adder_bypass_140
INFO: [VRFC 10-311] analyzing module fft_ip_adder_bypass_217
INFO: [VRFC 10-311] analyzing module fft_ip_adder_bypass_218
INFO: [VRFC 10-311] analyzing module fft_ip_adder_bypass__parameterized0
INFO: [VRFC 10-311] analyzing module fft_ip_adder_bypass__parameterized0_169
INFO: [VRFC 10-311] analyzing module fft_ip_arith_shift3
INFO: [VRFC 10-311] analyzing module fft_ip_arith_shift3_156
INFO: [VRFC 10-311] analyzing module fft_ip_arith_shift3_157
INFO: [VRFC 10-311] analyzing module fft_ip_arith_shift3_29
INFO: [VRFC 10-311] analyzing module fft_ip_arith_shift3_80
INFO: [VRFC 10-311] analyzing module fft_ip_arith_shift3_81
INFO: [VRFC 10-311] analyzing module fft_ip_arith_shift3__parameterized0
INFO: [VRFC 10-311] analyzing module fft_ip_arith_shift3__parameterized0_3
INFO: [VRFC 10-311] analyzing module fft_ip_axi_wrapper
INFO: [VRFC 10-311] analyzing module fft_ip_axi_wrapper_input_fifo
INFO: [VRFC 10-311] analyzing module fft_ip_axi_wrapper_input_fifo__parameterized0
INFO: [VRFC 10-311] analyzing module fft_ip_axi_wrapper_output_fifo
INFO: [VRFC 10-311] analyzing module fft_ip_c_shift_ram_v12_0_19_legacy
INFO: [VRFC 10-311] analyzing module fft_ip_c_shift_ram_v12_0_19_legacy__1
INFO: [VRFC 10-311] analyzing module fft_ip_c_shift_ram_v12_0_19_legacy__2
INFO: [VRFC 10-311] analyzing module fft_ip_c_shift_ram_v12_0_19_legacy__3
INFO: [VRFC 10-311] analyzing module fft_ip_c_shift_ram_v12_0_19_legacy__4
INFO: [VRFC 10-311] analyzing module fft_ip_c_shift_ram_v12_0_19_legacy__5
INFO: [VRFC 10-311] analyzing module fft_ip_c_shift_ram_v12_0_19_legacy__parameterized0
INFO: [VRFC 10-311] analyzing module fft_ip_c_shift_ram_v12_0_19_legacy__parameterized1
INFO: [VRFC 10-311] analyzing module fft_ip_c_shift_ram_v12_0_19_legacy__parameterized10
INFO: [VRFC 10-311] analyzing module fft_ip_c_shift_ram_v12_0_19_legacy__parameterized11
INFO: [VRFC 10-311] analyzing module fft_ip_c_shift_ram_v12_0_19_legacy__parameterized12
INFO: [VRFC 10-311] analyzing module fft_ip_c_shift_ram_v12_0_19_legacy__parameterized13
INFO: [VRFC 10-311] analyzing module fft_ip_c_shift_ram_v12_0_19_legacy__parameterized14
INFO: [VRFC 10-311] analyzing module fft_ip_c_shift_ram_v12_0_19_legacy__parameterized15
INFO: [VRFC 10-311] analyzing module fft_ip_c_shift_ram_v12_0_19_legacy__parameterized16
INFO: [VRFC 10-311] analyzing module fft_ip_c_shift_ram_v12_0_19_legacy__parameterized17
INFO: [VRFC 10-311] analyzing module fft_ip_c_shift_ram_v12_0_19_legacy__parameterized18
INFO: [VRFC 10-311] analyzing module fft_ip_c_shift_ram_v12_0_19_legacy__parameterized1__1
INFO: [VRFC 10-311] analyzing module fft_ip_c_shift_ram_v12_0_19_legacy__parameterized1__2
INFO: [VRFC 10-311] analyzing module fft_ip_c_shift_ram_v12_0_19_legacy__parameterized1__3
INFO: [VRFC 10-311] analyzing module fft_ip_c_shift_ram_v12_0_19_legacy__parameterized2
INFO: [VRFC 10-311] analyzing module fft_ip_c_shift_ram_v12_0_19_legacy__parameterized20
INFO: [VRFC 10-311] analyzing module fft_ip_c_shift_ram_v12_0_19_legacy__parameterized21
INFO: [VRFC 10-311] analyzing module fft_ip_c_shift_ram_v12_0_19_legacy__parameterized22
INFO: [VRFC 10-311] analyzing module fft_ip_c_shift_ram_v12_0_19_legacy__parameterized23
INFO: [VRFC 10-311] analyzing module fft_ip_c_shift_ram_v12_0_19_legacy__parameterized2__1
INFO: [VRFC 10-311] analyzing module fft_ip_c_shift_ram_v12_0_19_legacy__parameterized2__2
INFO: [VRFC 10-311] analyzing module fft_ip_c_shift_ram_v12_0_19_legacy__parameterized3
INFO: [VRFC 10-311] analyzing module fft_ip_c_shift_ram_v12_0_19_legacy__parameterized4
INFO: [VRFC 10-311] analyzing module fft_ip_c_shift_ram_v12_0_19_legacy__parameterized4__1
INFO: [VRFC 10-311] analyzing module fft_ip_c_shift_ram_v12_0_19_legacy__parameterized4__10
INFO: [VRFC 10-311] analyzing module fft_ip_c_shift_ram_v12_0_19_legacy__parameterized4__11
INFO: [VRFC 10-311] analyzing module fft_ip_c_shift_ram_v12_0_19_legacy__parameterized4__2
INFO: [VRFC 10-311] analyzing module fft_ip_c_shift_ram_v12_0_19_legacy__parameterized4__3
INFO: [VRFC 10-311] analyzing module fft_ip_c_shift_ram_v12_0_19_legacy__parameterized4__4
INFO: [VRFC 10-311] analyzing module fft_ip_c_shift_ram_v12_0_19_legacy__parameterized4__5
INFO: [VRFC 10-311] analyzing module fft_ip_c_shift_ram_v12_0_19_legacy__parameterized4__6
INFO: [VRFC 10-311] analyzing module fft_ip_c_shift_ram_v12_0_19_legacy__parameterized4__7
INFO: [VRFC 10-311] analyzing module fft_ip_c_shift_ram_v12_0_19_legacy__parameterized4__8
INFO: [VRFC 10-311] analyzing module fft_ip_c_shift_ram_v12_0_19_legacy__parameterized4__9
INFO: [VRFC 10-311] analyzing module fft_ip_c_shift_ram_v12_0_19_legacy__parameterized5
INFO: [VRFC 10-311] analyzing module fft_ip_c_shift_ram_v12_0_19_legacy__parameterized6
INFO: [VRFC 10-311] analyzing module fft_ip_c_shift_ram_v12_0_19_legacy__parameterized7
INFO: [VRFC 10-311] analyzing module fft_ip_c_shift_ram_v12_0_19_legacy__parameterized8
INFO: [VRFC 10-311] analyzing module fft_ip_c_shift_ram_v12_0_19_viv
INFO: [VRFC 10-311] analyzing module fft_ip_c_shift_ram_v12_0_19_viv__1
INFO: [VRFC 10-311] analyzing module fft_ip_c_shift_ram_v12_0_19_viv__2
INFO: [VRFC 10-311] analyzing module fft_ip_c_shift_ram_v12_0_19_viv__3
INFO: [VRFC 10-311] analyzing module fft_ip_c_shift_ram_v12_0_19_viv__4
INFO: [VRFC 10-311] analyzing module fft_ip_c_shift_ram_v12_0_19_viv__parameterized0
INFO: [VRFC 10-311] analyzing module fft_ip_c_shift_ram_v12_0_19_viv__parameterized1
INFO: [VRFC 10-311] analyzing module fft_ip_c_shift_ram_v12_0_19_viv__parameterized10
INFO: [VRFC 10-311] analyzing module fft_ip_c_shift_ram_v12_0_19_viv__parameterized11
INFO: [VRFC 10-311] analyzing module fft_ip_c_shift_ram_v12_0_19_viv__parameterized12
INFO: [VRFC 10-311] analyzing module fft_ip_c_shift_ram_v12_0_19_viv__parameterized13
INFO: [VRFC 10-311] analyzing module fft_ip_c_shift_ram_v12_0_19_viv__parameterized14
INFO: [VRFC 10-311] analyzing module fft_ip_c_shift_ram_v12_0_19_viv__parameterized15
INFO: [VRFC 10-311] analyzing module fft_ip_c_shift_ram_v12_0_19_viv__parameterized16
INFO: [VRFC 10-311] analyzing module fft_ip_c_shift_ram_v12_0_19_viv__parameterized17
INFO: [VRFC 10-311] analyzing module fft_ip_c_shift_ram_v12_0_19_viv__parameterized18
INFO: [VRFC 10-311] analyzing module fft_ip_c_shift_ram_v12_0_19_viv__parameterized1__1
INFO: [VRFC 10-311] analyzing module fft_ip_c_shift_ram_v12_0_19_viv__parameterized1__2
INFO: [VRFC 10-311] analyzing module fft_ip_c_shift_ram_v12_0_19_viv__parameterized1__3
INFO: [VRFC 10-311] analyzing module fft_ip_c_shift_ram_v12_0_19_viv__parameterized2
INFO: [VRFC 10-311] analyzing module fft_ip_c_shift_ram_v12_0_19_viv__parameterized20
INFO: [VRFC 10-311] analyzing module fft_ip_c_shift_ram_v12_0_19_viv__parameterized21
INFO: [VRFC 10-311] analyzing module fft_ip_c_shift_ram_v12_0_19_viv__parameterized22
INFO: [VRFC 10-311] analyzing module fft_ip_c_shift_ram_v12_0_19_viv__parameterized23
INFO: [VRFC 10-311] analyzing module fft_ip_c_shift_ram_v12_0_19_viv__parameterized24
INFO: [VRFC 10-311] analyzing module fft_ip_c_shift_ram_v12_0_19_viv__parameterized25
INFO: [VRFC 10-311] analyzing module fft_ip_c_shift_ram_v12_0_19_viv__parameterized2__1
INFO: [VRFC 10-311] analyzing module fft_ip_c_shift_ram_v12_0_19_viv__parameterized2__2
INFO: [VRFC 10-311] analyzing module fft_ip_c_shift_ram_v12_0_19_viv__parameterized3
INFO: [VRFC 10-311] analyzing module fft_ip_c_shift_ram_v12_0_19_viv__parameterized4
INFO: [VRFC 10-311] analyzing module fft_ip_c_shift_ram_v12_0_19_viv__parameterized4__1
INFO: [VRFC 10-311] analyzing module fft_ip_c_shift_ram_v12_0_19_viv__parameterized4__10
INFO: [VRFC 10-311] analyzing module fft_ip_c_shift_ram_v12_0_19_viv__parameterized4__2
INFO: [VRFC 10-311] analyzing module fft_ip_c_shift_ram_v12_0_19_viv__parameterized4__3
INFO: [VRFC 10-311] analyzing module fft_ip_c_shift_ram_v12_0_19_viv__parameterized4__4
INFO: [VRFC 10-311] analyzing module fft_ip_c_shift_ram_v12_0_19_viv__parameterized4__5
INFO: [VRFC 10-311] analyzing module fft_ip_c_shift_ram_v12_0_19_viv__parameterized4__6
INFO: [VRFC 10-311] analyzing module fft_ip_c_shift_ram_v12_0_19_viv__parameterized4__7
INFO: [VRFC 10-311] analyzing module fft_ip_c_shift_ram_v12_0_19_viv__parameterized4__8
INFO: [VRFC 10-311] analyzing module fft_ip_c_shift_ram_v12_0_19_viv__parameterized4__9
INFO: [VRFC 10-311] analyzing module fft_ip_c_shift_ram_v12_0_19_viv__parameterized5
INFO: [VRFC 10-311] analyzing module fft_ip_c_shift_ram_v12_0_19_viv__parameterized6
INFO: [VRFC 10-311] analyzing module fft_ip_c_shift_ram_v12_0_19_viv__parameterized7
INFO: [VRFC 10-311] analyzing module fft_ip_c_shift_ram_v12_0_19_viv__parameterized8
INFO: [VRFC 10-311] analyzing module fft_ip_cmpy
INFO: [VRFC 10-311] analyzing module fft_ip_cmpy_151
INFO: [VRFC 10-311] analyzing module fft_ip_cmpy_3_dsp48
INFO: [VRFC 10-311] analyzing module fft_ip_cmpy_3_dsp48_122
INFO: [VRFC 10-311] analyzing module fft_ip_cmpy_3_dsp48_195
INFO: [VRFC 10-311] analyzing module fft_ip_cmpy_3_dsp48_mult
INFO: [VRFC 10-311] analyzing module fft_ip_cmpy_3_dsp48_mult_125
INFO: [VRFC 10-311] analyzing module fft_ip_cmpy_3_dsp48_mult_198
INFO: [VRFC 10-311] analyzing module fft_ip_cmpy_3_dsp48_mult__parameterized0
INFO: [VRFC 10-311] analyzing module fft_ip_cmpy_3_dsp48_mult__parameterized0_126
INFO: [VRFC 10-311] analyzing module fft_ip_cmpy_3_dsp48_mult__parameterized0_199
INFO: [VRFC 10-311] analyzing module fft_ip_cmpy_3_dsp48_mult__parameterized1
INFO: [VRFC 10-311] analyzing module fft_ip_cmpy_3_dsp48_mult__parameterized1_127
INFO: [VRFC 10-311] analyzing module fft_ip_cmpy_3_dsp48_mult__parameterized1_200
INFO: [VRFC 10-311] analyzing module fft_ip_cmpy_79
INFO: [VRFC 10-311] analyzing module fft_ip_cmpy_v6_0_26_delay_line__parameterized1
INFO: [VRFC 10-311] analyzing module fft_ip_cmpy_v6_0_26_delay_line__parameterized1_123
INFO: [VRFC 10-311] analyzing module fft_ip_cmpy_v6_0_26_delay_line__parameterized1_124
INFO: [VRFC 10-311] analyzing module fft_ip_cmpy_v6_0_26_delay_line__parameterized1_196
INFO: [VRFC 10-311] analyzing module fft_ip_cmpy_v6_0_26_delay_line__parameterized1_197
INFO: [VRFC 10-311] analyzing module fft_ip_cmpy_v6_0_26_delay_line__parameterized1_60
INFO: [VRFC 10-311] analyzing module fft_ip_cmpy_v6_0_26_synth
INFO: [VRFC 10-311] analyzing module fft_ip_cmpy_v6_0_26_synth_121
INFO: [VRFC 10-311] analyzing module fft_ip_cmpy_v6_0_26_synth_194
INFO: [VRFC 10-311] analyzing module fft_ip_cnt_sat
INFO: [VRFC 10-311] analyzing module fft_ip_cnt_sat__parameterized0
INFO: [VRFC 10-311] analyzing module fft_ip_cnt_sat__parameterized1
INFO: [VRFC 10-311] analyzing module fft_ip_cnt_sat__parameterized2
INFO: [VRFC 10-311] analyzing module fft_ip_cnt_sat__parameterized3
INFO: [VRFC 10-311] analyzing module fft_ip_cnt_sat__parameterized4
INFO: [VRFC 10-311] analyzing module fft_ip_cnt_tc_rtl_a
INFO: [VRFC 10-311] analyzing module fft_ip_cnt_tc_rtl_a__parameterized0
INFO: [VRFC 10-311] analyzing module fft_ip_cnt_tc_rtl_a__parameterized0_106
INFO: [VRFC 10-311] analyzing module fft_ip_cnt_tc_rtl_a__parameterized0_113
INFO: [VRFC 10-311] analyzing module fft_ip_cnt_tc_rtl_a__parameterized0_179
INFO: [VRFC 10-311] analyzing module fft_ip_cnt_tc_rtl_a__parameterized0_186
INFO: [VRFC 10-311] analyzing module fft_ip_cnt_tc_rtl_a__parameterized0_237
INFO: [VRFC 10-311] analyzing module fft_ip_cnt_tc_rtl_a__parameterized0_253
INFO: [VRFC 10-311] analyzing module fft_ip_cnt_tc_rtl_a__parameterized0_53
INFO: [VRFC 10-311] analyzing module fft_ip_dpm
INFO: [VRFC 10-311] analyzing module fft_ip_dpm__parameterized0
INFO: [VRFC 10-311] analyzing module fft_ip_equ_rtl
INFO: [VRFC 10-311] analyzing module fft_ip_equ_rtl_108
INFO: [VRFC 10-311] analyzing module fft_ip_equ_rtl_115
INFO: [VRFC 10-311] analyzing module fft_ip_equ_rtl_181
INFO: [VRFC 10-311] analyzing module fft_ip_equ_rtl_188
INFO: [VRFC 10-311] analyzing module fft_ip_equ_rtl_238
INFO: [VRFC 10-311] analyzing module fft_ip_equ_rtl_243
INFO: [VRFC 10-311] analyzing module fft_ip_equ_rtl_248
INFO: [VRFC 10-311] analyzing module fft_ip_equ_rtl_254
INFO: [VRFC 10-311] analyzing module fft_ip_equ_rtl_55
INFO: [VRFC 10-311] analyzing module fft_ip_equ_rtl__parameterized0
INFO: [VRFC 10-311] analyzing module fft_ip_equ_rtl__parameterized0_107
INFO: [VRFC 10-311] analyzing module fft_ip_equ_rtl__parameterized0_114
INFO: [VRFC 10-311] analyzing module fft_ip_equ_rtl__parameterized0_180
INFO: [VRFC 10-311] analyzing module fft_ip_equ_rtl__parameterized0_187
INFO: [VRFC 10-311] analyzing module fft_ip_equ_rtl__parameterized0_54
INFO: [VRFC 10-311] analyzing module fft_ip_input_negation
INFO: [VRFC 10-311] analyzing module fft_ip_input_negation_128
INFO: [VRFC 10-311] analyzing module fft_ip_input_negation_201
INFO: [VRFC 10-311] analyzing module fft_ip_logic_gate__parameterized0
INFO: [VRFC 10-311] analyzing module fft_ip_logic_gate__parameterized1
INFO: [VRFC 10-311] analyzing module fft_ip_logic_gate__parameterized2
INFO: [VRFC 10-311] analyzing module fft_ip_mux_bus4
INFO: [VRFC 10-311] analyzing module fft_ip_mux_bus4__parameterized0
INFO: [VRFC 10-311] analyzing module fft_ip_mux_bus4__parameterized0_158
INFO: [VRFC 10-311] analyzing module fft_ip_mux_bus4__parameterized0_159
INFO: [VRFC 10-311] analyzing module fft_ip_mux_bus4__parameterized0_30
INFO: [VRFC 10-311] analyzing module fft_ip_mux_bus4__parameterized0_82
INFO: [VRFC 10-311] analyzing module fft_ip_mux_bus4__parameterized0_83
INFO: [VRFC 10-311] analyzing module fft_ip_mux_bus4__parameterized1
INFO: [VRFC 10-311] analyzing module fft_ip_mux_bus4__parameterized2
INFO: [VRFC 10-311] analyzing module fft_ip_mux_bus4__parameterized3
INFO: [VRFC 10-311] analyzing module fft_ip_mux_bus4__parameterized3_4
INFO: [VRFC 10-311] analyzing module fft_ip_r22_bf
INFO: [VRFC 10-311] analyzing module fft_ip_r22_bf__parameterized0
INFO: [VRFC 10-311] analyzing module fft_ip_r22_bf__parameterized1
INFO: [VRFC 10-311] analyzing module fft_ip_r22_bf_sp
INFO: [VRFC 10-311] analyzing module fft_ip_r22_bf_sp__parameterized0
INFO: [VRFC 10-311] analyzing module fft_ip_r22_bf_sp__parameterized1
INFO: [VRFC 10-311] analyzing module fft_ip_r22_bf_sp__parameterized2
INFO: [VRFC 10-311] analyzing module fft_ip_r22_bf_sp__parameterized3
INFO: [VRFC 10-311] analyzing module fft_ip_r22_bfly_byp
INFO: [VRFC 10-311] analyzing module fft_ip_r22_bfly_byp_208
INFO: [VRFC 10-311] analyzing module fft_ip_r22_bfly_byp__parameterized0
INFO: [VRFC 10-311] analyzing module fft_ip_r22_cnt_ctrl
INFO: [VRFC 10-311] analyzing module fft_ip_r22_cnt_ctrl__parameterized0
INFO: [VRFC 10-311] analyzing module fft_ip_r22_cnt_ctrl__parameterized1
INFO: [VRFC 10-311] analyzing module fft_ip_r22_cnt_ctrl__parameterized2
INFO: [VRFC 10-311] analyzing module fft_ip_r22_cnt_ctrl__parameterized3
INFO: [VRFC 10-311] analyzing module fft_ip_r22_cnt_ctrl__parameterized4
INFO: [VRFC 10-311] analyzing module fft_ip_r22_cnt_ctrl__parameterized5
INFO: [VRFC 10-311] analyzing module fft_ip_r22_cnt_ctrl__parameterized6
INFO: [VRFC 10-311] analyzing module fft_ip_r22_delay_mux
INFO: [VRFC 10-311] analyzing module fft_ip_r22_delay_mux__parameterized0
INFO: [VRFC 10-311] analyzing module fft_ip_r22_delay_mux__parameterized1
INFO: [VRFC 10-311] analyzing module fft_ip_r22_delay_mux__parameterized2
INFO: [VRFC 10-311] analyzing module fft_ip_r22_delay_mux__parameterized3
INFO: [VRFC 10-311] analyzing module fft_ip_r22_delay_mux__parameterized4
INFO: [VRFC 10-311] analyzing module fft_ip_r22_flow_ctrl
INFO: [VRFC 10-311] analyzing module fft_ip_r22_memory
INFO: [VRFC 10-311] analyzing module fft_ip_r22_memory__parameterized0
INFO: [VRFC 10-311] analyzing module fft_ip_r22_memory__parameterized1
INFO: [VRFC 10-311] analyzing module fft_ip_r22_memory__parameterized2
INFO: [VRFC 10-311] analyzing module fft_ip_r22_pe
INFO: [VRFC 10-311] analyzing module fft_ip_r22_pe__parameterized0
INFO: [VRFC 10-311] analyzing module fft_ip_r22_pe__parameterized1
INFO: [VRFC 10-311] analyzing module fft_ip_r22_pe__parameterized2
INFO: [VRFC 10-311] analyzing module fft_ip_r22_srl_memory
INFO: [VRFC 10-311] analyzing module fft_ip_r22_srl_memory__parameterized0
INFO: [VRFC 10-311] analyzing module fft_ip_r22_tw_gen
INFO: [VRFC 10-311] analyzing module fft_ip_r22_tw_gen__parameterized0
INFO: [VRFC 10-311] analyzing module fft_ip_r22_tw_gen__parameterized1
INFO: [VRFC 10-311] analyzing module fft_ip_r22_twos_comp_mux
INFO: [VRFC 10-311] analyzing module fft_ip_r22_twos_comp_mux_165
INFO: [VRFC 10-311] analyzing module fft_ip_r22_twos_comp_mux_36
INFO: [VRFC 10-311] analyzing module fft_ip_r22_twos_comp_mux_89
INFO: [VRFC 10-311] analyzing module fft_ip_r22_twos_comp_mux__parameterized0
INFO: [VRFC 10-311] analyzing module fft_ip_r22_twos_comp_mux__parameterized0_164
INFO: [VRFC 10-311] analyzing module fft_ip_r22_twos_comp_mux__parameterized0_35
INFO: [VRFC 10-311] analyzing module fft_ip_r22_twos_comp_mux__parameterized0_88
INFO: [VRFC 10-311] analyzing module fft_ip_shift_ram
INFO: [VRFC 10-311] analyzing module fft_ip_shift_ram_244
INFO: [VRFC 10-311] analyzing module fft_ip_shift_ram__parameterized0
INFO: [VRFC 10-311] analyzing module fft_ip_shift_ram__parameterized1
INFO: [VRFC 10-311] analyzing module fft_ip_shift_ram__parameterized10
INFO: [VRFC 10-311] analyzing module fft_ip_shift_ram__parameterized10_153
INFO: [VRFC 10-311] analyzing module fft_ip_shift_ram__parameterized12
INFO: [VRFC 10-311] analyzing module fft_ip_shift_ram__parameterized12_161
INFO: [VRFC 10-311] analyzing module fft_ip_shift_ram__parameterized12_210
INFO: [VRFC 10-311] analyzing module fft_ip_shift_ram__parameterized13
INFO: [VRFC 10-311] analyzing module fft_ip_shift_ram__parameterized13_160
INFO: [VRFC 10-311] analyzing module fft_ip_shift_ram__parameterized13_209
INFO: [VRFC 10-311] analyzing module fft_ip_shift_ram__parameterized14
INFO: [VRFC 10-311] analyzing module fft_ip_shift_ram__parameterized14_138
INFO: [VRFC 10-311] analyzing module fft_ip_shift_ram__parameterized14_213
INFO: [VRFC 10-311] analyzing module fft_ip_shift_ram__parameterized14_215
INFO: [VRFC 10-311] analyzing module fft_ip_shift_ram__parameterized15
INFO: [VRFC 10-311] analyzing module fft_ip_shift_ram__parameterized17
INFO: [VRFC 10-311] analyzing module fft_ip_shift_ram__parameterized17_167
INFO: [VRFC 10-311] analyzing module fft_ip_shift_ram__parameterized2
INFO: [VRFC 10-311] analyzing module fft_ip_shift_ram__parameterized20
INFO: [VRFC 10-311] analyzing module fft_ip_shift_ram__parameterized20_162
INFO: [VRFC 10-311] analyzing module fft_ip_shift_ram__parameterized22
INFO: [VRFC 10-311] analyzing module fft_ip_shift_ram__parameterized22_0
INFO: [VRFC 10-311] analyzing module fft_ip_shift_ram__parameterized22_14
INFO: [VRFC 10-311] analyzing module fft_ip_shift_ram__parameterized22_163
INFO: [VRFC 10-311] analyzing module fft_ip_shift_ram__parameterized22_23
INFO: [VRFC 10-311] analyzing module fft_ip_shift_ram__parameterized22_44
INFO: [VRFC 10-311] analyzing module fft_ip_shift_ram__parameterized22_69
INFO: [VRFC 10-311] analyzing module fft_ip_shift_ram__parameterized22_97
INFO: [VRFC 10-311] analyzing module fft_ip_shift_ram__parameterized23
INFO: [VRFC 10-311] analyzing module fft_ip_shift_ram__parameterized23_120
INFO: [VRFC 10-311] analyzing module fft_ip_shift_ram__parameterized23_193
INFO: [VRFC 10-311] analyzing module fft_ip_shift_ram__parameterized24
INFO: [VRFC 10-311] analyzing module fft_ip_shift_ram__parameterized25
INFO: [VRFC 10-311] analyzing module fft_ip_shift_ram__parameterized26
INFO: [VRFC 10-311] analyzing module fft_ip_shift_ram__parameterized27
INFO: [VRFC 10-311] analyzing module fft_ip_shift_ram__parameterized29
INFO: [VRFC 10-311] analyzing module fft_ip_shift_ram__parameterized2_135
INFO: [VRFC 10-311] analyzing module fft_ip_shift_ram__parameterized2_136
INFO: [VRFC 10-311] analyzing module fft_ip_shift_ram__parameterized2_2
INFO: [VRFC 10-311] analyzing module fft_ip_shift_ram__parameterized2_211
INFO: [VRFC 10-311] analyzing module fft_ip_shift_ram__parameterized2_212
INFO: [VRFC 10-311] analyzing module fft_ip_shift_ram__parameterized3
INFO: [VRFC 10-311] analyzing module fft_ip_shift_ram__parameterized30
INFO: [VRFC 10-311] analyzing module fft_ip_shift_ram__parameterized34
INFO: [VRFC 10-311] analyzing module fft_ip_shift_ram__parameterized34_11
INFO: [VRFC 10-311] analyzing module fft_ip_shift_ram__parameterized34_33
INFO: [VRFC 10-311] analyzing module fft_ip_shift_ram__parameterized34_41
INFO: [VRFC 10-311] analyzing module fft_ip_shift_ram__parameterized34_6
INFO: [VRFC 10-311] analyzing module fft_ip_shift_ram__parameterized34_86
INFO: [VRFC 10-311] analyzing module fft_ip_shift_ram__parameterized34_94
INFO: [VRFC 10-311] analyzing module fft_ip_shift_ram__parameterized35
INFO: [VRFC 10-311] analyzing module fft_ip_shift_ram__parameterized36
INFO: [VRFC 10-311] analyzing module fft_ip_shift_ram__parameterized36_87
INFO: [VRFC 10-311] analyzing module fft_ip_shift_ram__parameterized36_95
INFO: [VRFC 10-311] analyzing module fft_ip_shift_ram__parameterized36_96
INFO: [VRFC 10-311] analyzing module fft_ip_shift_ram__parameterized37
INFO: [VRFC 10-311] analyzing module fft_ip_shift_ram__parameterized38
INFO: [VRFC 10-311] analyzing module fft_ip_shift_ram__parameterized39
INFO: [VRFC 10-311] analyzing module fft_ip_shift_ram__parameterized4
INFO: [VRFC 10-311] analyzing module fft_ip_shift_ram__parameterized40
INFO: [VRFC 10-311] analyzing module fft_ip_shift_ram__parameterized41
INFO: [VRFC 10-311] analyzing module fft_ip_shift_ram__parameterized42
INFO: [VRFC 10-311] analyzing module fft_ip_shift_ram__parameterized43
INFO: [VRFC 10-311] analyzing module fft_ip_shift_ram__parameterized45
INFO: [VRFC 10-311] analyzing module fft_ip_shift_ram__parameterized46
INFO: [VRFC 10-311] analyzing module fft_ip_shift_ram__parameterized48
INFO: [VRFC 10-311] analyzing module fft_ip_shift_ram__parameterized49
INFO: [VRFC 10-311] analyzing module fft_ip_shift_ram__parameterized49_64
INFO: [VRFC 10-311] analyzing module fft_ip_shift_ram__parameterized5
INFO: [VRFC 10-311] analyzing module fft_ip_shift_ram__parameterized50
INFO: [VRFC 10-311] analyzing module fft_ip_shift_ram__parameterized50_70
INFO: [VRFC 10-311] analyzing module fft_ip_shift_ram__parameterized51
INFO: [VRFC 10-311] analyzing module fft_ip_shift_ram__parameterized52
INFO: [VRFC 10-311] analyzing module fft_ip_shift_ram__parameterized52_34
INFO: [VRFC 10-311] analyzing module fft_ip_shift_ram__parameterized52_42
INFO: [VRFC 10-311] analyzing module fft_ip_shift_ram__parameterized52_43
INFO: [VRFC 10-311] analyzing module fft_ip_shift_ram__parameterized53
INFO: [VRFC 10-311] analyzing module fft_ip_shift_ram__parameterized54
INFO: [VRFC 10-311] analyzing module fft_ip_shift_ram__parameterized55
INFO: [VRFC 10-311] analyzing module fft_ip_shift_ram__parameterized56
INFO: [VRFC 10-311] analyzing module fft_ip_shift_ram__parameterized58
INFO: [VRFC 10-311] analyzing module fft_ip_shift_ram__parameterized5_152
INFO: [VRFC 10-311] analyzing module fft_ip_shift_ram__parameterized5_154
INFO: [VRFC 10-311] analyzing module fft_ip_shift_ram__parameterized6
INFO: [VRFC 10-311] analyzing module fft_ip_shift_ram__parameterized60
INFO: [VRFC 10-311] analyzing module fft_ip_shift_ram__parameterized63
INFO: [VRFC 10-311] analyzing module fft_ip_shift_ram__parameterized64
INFO: [VRFC 10-311] analyzing module fft_ip_shift_ram__parameterized64_20
INFO: [VRFC 10-311] analyzing module fft_ip_shift_ram__parameterized65
INFO: [VRFC 10-311] analyzing module fft_ip_shift_ram__parameterized65_24
INFO: [VRFC 10-311] analyzing module fft_ip_shift_ram__parameterized66
INFO: [VRFC 10-311] analyzing module fft_ip_shift_ram__parameterized67
INFO: [VRFC 10-311] analyzing module fft_ip_shift_ram__parameterized67_12
INFO: [VRFC 10-311] analyzing module fft_ip_shift_ram__parameterized67_13
INFO: [VRFC 10-311] analyzing module fft_ip_shift_ram__parameterized67_7
INFO: [VRFC 10-311] analyzing module fft_ip_shift_ram__parameterized68
INFO: [VRFC 10-311] analyzing module fft_ip_shift_ram__parameterized68_1
INFO: [VRFC 10-311] analyzing module fft_ip_shift_ram__parameterized69
INFO: [VRFC 10-311] analyzing module fft_ip_shift_ram__parameterized6_155
INFO: [VRFC 10-311] analyzing module fft_ip_shift_ram__parameterized7
INFO: [VRFC 10-311] analyzing module fft_ip_shift_ram__parameterized71
INFO: [VRFC 10-311] analyzing module fft_ip_shift_ram__parameterized73
INFO: [VRFC 10-311] analyzing module fft_ip_shift_ram__parameterized76
INFO: [VRFC 10-311] analyzing module fft_ip_shift_ram__parameterized9
INFO: [VRFC 10-311] analyzing module fft_ip_sub_byp
INFO: [VRFC 10-311] analyzing module fft_ip_sub_byp_141
INFO: [VRFC 10-311] analyzing module fft_ip_sub_byp_219
INFO: [VRFC 10-311] analyzing module fft_ip_sub_byp_220
INFO: [VRFC 10-311] analyzing module fft_ip_sub_byp__parameterized0
INFO: [VRFC 10-311] analyzing module fft_ip_sub_byp__parameterized0_170
INFO: [VRFC 10-311] analyzing module fft_ip_twgen_distmem
INFO: [VRFC 10-311] analyzing module fft_ip_twgen_distmem__parameterized0
INFO: [VRFC 10-311] analyzing module fft_ip_twgen_distmem__parameterized1
INFO: [VRFC 10-311] analyzing module fft_ip_twiddle_gen
INFO: [VRFC 10-311] analyzing module fft_ip_twiddle_gen__parameterized0
INFO: [VRFC 10-311] analyzing module fft_ip_twiddle_gen__parameterized1
INFO: [VRFC 10-311] analyzing module fft_ip_xfft_v9_1_14_core
INFO: [VRFC 10-311] analyzing module fft_ip_xfft_v9_1_14_d
INFO: [VRFC 10-311] analyzing module fft_ip_xfft_v9_1_14_mux_bus2
INFO: [VRFC 10-311] analyzing module fft_ip_xfft_v9_1_14_mux_bus2_137
INFO: [VRFC 10-311] analyzing module fft_ip_xfft_v9_1_14_mux_bus2_139
INFO: [VRFC 10-311] analyzing module fft_ip_xfft_v9_1_14_mux_bus2_214
INFO: [VRFC 10-311] analyzing module fft_ip_xfft_v9_1_14_mux_bus2_216
INFO: [VRFC 10-311] analyzing module fft_ip_xfft_v9_1_14_mux_bus2_22
INFO: [VRFC 10-311] analyzing module fft_ip_xfft_v9_1_14_mux_bus2_67
INFO: [VRFC 10-311] analyzing module fft_ip_xfft_v9_1_14_mux_bus2_68
INFO: [VRFC 10-311] analyzing module fft_ip_xfft_v9_1_14_mux_bus2__parameterized0
INFO: [VRFC 10-311] analyzing module fft_ip_xfft_v9_1_14_mux_bus2__parameterized0_10
INFO: [VRFC 10-311] analyzing module fft_ip_xfft_v9_1_14_mux_bus2__parameterized0_166
INFO: [VRFC 10-311] analyzing module fft_ip_xfft_v9_1_14_mux_bus2__parameterized0_168
INFO: [VRFC 10-311] analyzing module fft_ip_xfft_v9_1_14_mux_bus2__parameterized0_37
INFO: [VRFC 10-311] analyzing module fft_ip_xfft_v9_1_14_mux_bus2__parameterized0_38
INFO: [VRFC 10-311] analyzing module fft_ip_xfft_v9_1_14_mux_bus2__parameterized0_39
INFO: [VRFC 10-311] analyzing module fft_ip_xfft_v9_1_14_mux_bus2__parameterized0_40
INFO: [VRFC 10-311] analyzing module fft_ip_xfft_v9_1_14_mux_bus2__parameterized0_8
INFO: [VRFC 10-311] analyzing module fft_ip_xfft_v9_1_14_mux_bus2__parameterized0_9
INFO: [VRFC 10-311] analyzing module fft_ip_xfft_v9_1_14_mux_bus2__parameterized0_90
INFO: [VRFC 10-311] analyzing module fft_ip_xfft_v9_1_14_mux_bus2__parameterized0_91
INFO: [VRFC 10-311] analyzing module fft_ip_xfft_v9_1_14_mux_bus2__parameterized0_92
INFO: [VRFC 10-311] analyzing module fft_ip_xfft_v9_1_14_mux_bus2__parameterized0_93
INFO: [VRFC 10-311] analyzing module fft_ip_xfft_v9_1_14_mux_bus2__parameterized1
INFO: [VRFC 10-311] analyzing module fft_ip_xfft_v9_1_14_mux_bus2__parameterized1_21
INFO: [VRFC 10-311] analyzing module fft_ip_xfft_v9_1_14_mux_bus2__parameterized1_65
INFO: [VRFC 10-311] analyzing module fft_ip_xfft_v9_1_14_mux_bus2__parameterized1_66
INFO: [VRFC 10-311] analyzing module fft_ip_xfft_v9_1_14_viv
INFO: [VRFC 10-311] analyzing module message_bram_blk_mem_gen_generic_cstr
INFO: [VRFC 10-311] analyzing module message_bram_blk_mem_gen_prim_width
INFO: [VRFC 10-311] analyzing module message_bram_blk_mem_gen_prim_wrapper_init
INFO: [VRFC 10-311] analyzing module message_bram_blk_mem_gen_top
INFO: [VRFC 10-311] analyzing module message_bram_blk_mem_gen_v8_4_11
INFO: [VRFC 10-311] analyzing module message_bram_blk_mem_gen_v8_4_11_synth
INFO: [VRFC 10-311] analyzing module sym1_bram_blk_mem_gen_generic_cstr
INFO: [VRFC 10-311] analyzing module sym1_bram_blk_mem_gen_prim_width
INFO: [VRFC 10-311] analyzing module sym1_bram_blk_mem_gen_prim_wrapper_init
INFO: [VRFC 10-311] analyzing module sym1_bram_blk_mem_gen_top
INFO: [VRFC 10-311] analyzing module sym1_bram_blk_mem_gen_v8_4_11
INFO: [VRFC 10-311] analyzing module sym1_bram_blk_mem_gen_v8_4_11_synth
INFO: [VRFC 10-311] analyzing module sym2_bram_blk_mem_gen_generic_cstr
INFO: [VRFC 10-311] analyzing module sym2_bram_blk_mem_gen_prim_width
INFO: [VRFC 10-311] analyzing module sym2_bram_blk_mem_gen_prim_wrapper_init
INFO: [VRFC 10-311] analyzing module sym2_bram_blk_mem_gen_top
INFO: [VRFC 10-311] analyzing module sym2_bram_blk_mem_gen_v8_4_11
INFO: [VRFC 10-311] analyzing module sym2_bram_blk_mem_gen_v8_4_11_synth
INFO: [VRFC 10-311] analyzing module fft_ip_c_addsub_v12_0_20_fabric_legacy
INFO: [VRFC 10-311] analyzing module fft_ip_c_addsub_v12_0_20_fabric_legacy__parameterized1
INFO: [VRFC 10-311] analyzing module fft_ip_c_addsub_v12_0_20_fabric_legacy__parameterized11
INFO: [VRFC 10-311] analyzing module fft_ip_c_addsub_v12_0_20_fabric_legacy__parameterized11_148
INFO: [VRFC 10-311] analyzing module fft_ip_c_addsub_v12_0_20_fabric_legacy__parameterized11_230
INFO: [VRFC 10-311] analyzing module fft_ip_c_addsub_v12_0_20_fabric_legacy__parameterized11_234
INFO: [VRFC 10-311] analyzing module fft_ip_c_addsub_v12_0_20_fabric_legacy__parameterized13
INFO: [VRFC 10-311] analyzing module fft_ip_c_addsub_v12_0_20_fabric_legacy__parameterized13_143
INFO: [VRFC 10-311] analyzing module fft_ip_c_addsub_v12_0_20_fabric_legacy__parameterized13_222
INFO: [VRFC 10-311] analyzing module fft_ip_c_addsub_v12_0_20_fabric_legacy__parameterized13_226
INFO: [VRFC 10-311] analyzing module fft_ip_c_addsub_v12_0_20_fabric_legacy__parameterized15
INFO: [VRFC 10-311] analyzing module fft_ip_c_addsub_v12_0_20_fabric_legacy__parameterized15_176
INFO: [VRFC 10-311] analyzing module fft_ip_c_addsub_v12_0_20_fabric_legacy__parameterized17
INFO: [VRFC 10-311] analyzing module fft_ip_c_addsub_v12_0_20_fabric_legacy__parameterized17_172
INFO: [VRFC 10-311] analyzing module fft_ip_c_addsub_v12_0_20_fabric_legacy__parameterized19
INFO: [VRFC 10-311] analyzing module fft_ip_c_addsub_v12_0_20_fabric_legacy__parameterized1_246
INFO: [VRFC 10-311] analyzing module fft_ip_c_addsub_v12_0_20_fabric_legacy__parameterized21
INFO: [VRFC 10-311] analyzing module fft_ip_c_addsub_v12_0_20_fabric_legacy__parameterized21_103
INFO: [VRFC 10-311] analyzing module fft_ip_c_addsub_v12_0_20_fabric_legacy__parameterized21_16
INFO: [VRFC 10-311] analyzing module fft_ip_c_addsub_v12_0_20_fabric_legacy__parameterized21_46
INFO: [VRFC 10-311] analyzing module fft_ip_c_addsub_v12_0_20_fabric_legacy__parameterized21_50
INFO: [VRFC 10-311] analyzing module fft_ip_c_addsub_v12_0_20_fabric_legacy__parameterized21_99
INFO: [VRFC 10-311] analyzing module fft_ip_c_addsub_v12_0_20_fabric_legacy__parameterized23
INFO: [VRFC 10-311] analyzing module fft_ip_c_addsub_v12_0_20_fabric_legacy__parameterized25
INFO: [VRFC 10-311] analyzing module fft_ip_c_addsub_v12_0_20_fabric_legacy__parameterized25_26
INFO: [VRFC 10-311] analyzing module fft_ip_c_addsub_v12_0_20_fabric_legacy__parameterized25_72
INFO: [VRFC 10-311] analyzing module fft_ip_c_addsub_v12_0_20_fabric_legacy__parameterized25_76
INFO: [VRFC 10-311] analyzing module fft_ip_c_addsub_v12_0_20_fabric_legacy__parameterized27
INFO: [VRFC 10-311] analyzing module fft_ip_c_addsub_v12_0_20_fabric_legacy__parameterized3
INFO: [VRFC 10-311] analyzing module fft_ip_c_addsub_v12_0_20_fabric_legacy__parameterized5
INFO: [VRFC 10-311] analyzing module fft_ip_c_addsub_v12_0_20_fabric_legacy__parameterized7
INFO: [VRFC 10-311] analyzing module fft_ip_c_addsub_v12_0_20_fabric_legacy__parameterized9
INFO: [VRFC 10-311] analyzing module fft_ip_c_addsub_v12_0_20_fabric_legacy__parameterized9_110
INFO: [VRFC 10-311] analyzing module fft_ip_c_addsub_v12_0_20_fabric_legacy__parameterized9_117
INFO: [VRFC 10-311] analyzing module fft_ip_c_addsub_v12_0_20_fabric_legacy__parameterized9_183
INFO: [VRFC 10-311] analyzing module fft_ip_c_addsub_v12_0_20_fabric_legacy__parameterized9_190
INFO: [VRFC 10-311] analyzing module fft_ip_c_addsub_v12_0_20_fabric_legacy__parameterized9_240
INFO: [VRFC 10-311] analyzing module fft_ip_c_addsub_v12_0_20_fabric_legacy__parameterized9_250
INFO: [VRFC 10-311] analyzing module fft_ip_c_addsub_v12_0_20_fabric_legacy__parameterized9_256
INFO: [VRFC 10-311] analyzing module fft_ip_c_addsub_v12_0_20_fabric_legacy__parameterized9_57
INFO: [VRFC 10-311] analyzing module fft_ip_c_addsub_v12_0_20_legacy
INFO: [VRFC 10-311] analyzing module fft_ip_c_addsub_v12_0_20_legacy__parameterized1
INFO: [VRFC 10-311] analyzing module fft_ip_c_addsub_v12_0_20_legacy__parameterized11
INFO: [VRFC 10-311] analyzing module fft_ip_c_addsub_v12_0_20_legacy__parameterized11_147
INFO: [VRFC 10-311] analyzing module fft_ip_c_addsub_v12_0_20_legacy__parameterized11_229
INFO: [VRFC 10-311] analyzing module fft_ip_c_addsub_v12_0_20_legacy__parameterized11_233
INFO: [VRFC 10-311] analyzing module fft_ip_c_addsub_v12_0_20_legacy__parameterized13
INFO: [VRFC 10-311] analyzing module fft_ip_c_addsub_v12_0_20_legacy__parameterized13_142
INFO: [VRFC 10-311] analyzing module fft_ip_c_addsub_v12_0_20_legacy__parameterized13_221
INFO: [VRFC 10-311] analyzing module fft_ip_c_addsub_v12_0_20_legacy__parameterized13_225
INFO: [VRFC 10-311] analyzing module fft_ip_c_addsub_v12_0_20_legacy__parameterized15
INFO: [VRFC 10-311] analyzing module fft_ip_c_addsub_v12_0_20_legacy__parameterized15_175
INFO: [VRFC 10-311] analyzing module fft_ip_c_addsub_v12_0_20_legacy__parameterized17
INFO: [VRFC 10-311] analyzing module fft_ip_c_addsub_v12_0_20_legacy__parameterized17_171
INFO: [VRFC 10-311] analyzing module fft_ip_c_addsub_v12_0_20_legacy__parameterized19
INFO: [VRFC 10-311] analyzing module fft_ip_c_addsub_v12_0_20_legacy__parameterized1_245
INFO: [VRFC 10-311] analyzing module fft_ip_c_addsub_v12_0_20_legacy__parameterized21
INFO: [VRFC 10-311] analyzing module fft_ip_c_addsub_v12_0_20_legacy__parameterized21_102
INFO: [VRFC 10-311] analyzing module fft_ip_c_addsub_v12_0_20_legacy__parameterized21_15
INFO: [VRFC 10-311] analyzing module fft_ip_c_addsub_v12_0_20_legacy__parameterized21_45
INFO: [VRFC 10-311] analyzing module fft_ip_c_addsub_v12_0_20_legacy__parameterized21_49
INFO: [VRFC 10-311] analyzing module fft_ip_c_addsub_v12_0_20_legacy__parameterized21_98
INFO: [VRFC 10-311] analyzing module fft_ip_c_addsub_v12_0_20_legacy__parameterized23
INFO: [VRFC 10-311] analyzing module fft_ip_c_addsub_v12_0_20_legacy__parameterized25
INFO: [VRFC 10-311] analyzing module fft_ip_c_addsub_v12_0_20_legacy__parameterized25_25
INFO: [VRFC 10-311] analyzing module fft_ip_c_addsub_v12_0_20_legacy__parameterized25_71
INFO: [VRFC 10-311] analyzing module fft_ip_c_addsub_v12_0_20_legacy__parameterized25_75
INFO: [VRFC 10-311] analyzing module fft_ip_c_addsub_v12_0_20_legacy__parameterized27
INFO: [VRFC 10-311] analyzing module fft_ip_c_addsub_v12_0_20_legacy__parameterized3
INFO: [VRFC 10-311] analyzing module fft_ip_c_addsub_v12_0_20_legacy__parameterized5
INFO: [VRFC 10-311] analyzing module fft_ip_c_addsub_v12_0_20_legacy__parameterized7
INFO: [VRFC 10-311] analyzing module fft_ip_c_addsub_v12_0_20_legacy__parameterized9
INFO: [VRFC 10-311] analyzing module fft_ip_c_addsub_v12_0_20_legacy__parameterized9_109
INFO: [VRFC 10-311] analyzing module fft_ip_c_addsub_v12_0_20_legacy__parameterized9_116
INFO: [VRFC 10-311] analyzing module fft_ip_c_addsub_v12_0_20_legacy__parameterized9_182
INFO: [VRFC 10-311] analyzing module fft_ip_c_addsub_v12_0_20_legacy__parameterized9_189
INFO: [VRFC 10-311] analyzing module fft_ip_c_addsub_v12_0_20_legacy__parameterized9_239
INFO: [VRFC 10-311] analyzing module fft_ip_c_addsub_v12_0_20_legacy__parameterized9_249
INFO: [VRFC 10-311] analyzing module fft_ip_c_addsub_v12_0_20_legacy__parameterized9_255
INFO: [VRFC 10-311] analyzing module fft_ip_c_addsub_v12_0_20_legacy__parameterized9_56
INFO: [VRFC 10-311] analyzing module fft_ip_c_addsub_v12_0_20_lut6_legacy
INFO: [VRFC 10-311] analyzing module fft_ip_c_addsub_v12_0_20_lut6_legacy__parameterized1
INFO: [VRFC 10-311] analyzing module fft_ip_c_addsub_v12_0_20_lut6_legacy__parameterized11
INFO: [VRFC 10-311] analyzing module fft_ip_c_addsub_v12_0_20_lut6_legacy__parameterized11_149
INFO: [VRFC 10-311] analyzing module fft_ip_c_addsub_v12_0_20_lut6_legacy__parameterized11_231
INFO: [VRFC 10-311] analyzing module fft_ip_c_addsub_v12_0_20_lut6_legacy__parameterized11_235
INFO: [VRFC 10-311] analyzing module fft_ip_c_addsub_v12_0_20_lut6_legacy__parameterized13
INFO: [VRFC 10-311] analyzing module fft_ip_c_addsub_v12_0_20_lut6_legacy__parameterized13_144
INFO: [VRFC 10-311] analyzing module fft_ip_c_addsub_v12_0_20_lut6_legacy__parameterized13_223
INFO: [VRFC 10-311] analyzing module fft_ip_c_addsub_v12_0_20_lut6_legacy__parameterized13_227
INFO: [VRFC 10-311] analyzing module fft_ip_c_addsub_v12_0_20_lut6_legacy__parameterized15
INFO: [VRFC 10-311] analyzing module fft_ip_c_addsub_v12_0_20_lut6_legacy__parameterized15_177
INFO: [VRFC 10-311] analyzing module fft_ip_c_addsub_v12_0_20_lut6_legacy__parameterized17
INFO: [VRFC 10-311] analyzing module fft_ip_c_addsub_v12_0_20_lut6_legacy__parameterized17_173
INFO: [VRFC 10-311] analyzing module fft_ip_c_addsub_v12_0_20_lut6_legacy__parameterized19
INFO: [VRFC 10-311] analyzing module fft_ip_c_addsub_v12_0_20_lut6_legacy__parameterized1_247
INFO: [VRFC 10-311] analyzing module fft_ip_c_addsub_v12_0_20_lut6_legacy__parameterized21
INFO: [VRFC 10-311] analyzing module fft_ip_c_addsub_v12_0_20_lut6_legacy__parameterized21_100
INFO: [VRFC 10-311] analyzing module fft_ip_c_addsub_v12_0_20_lut6_legacy__parameterized21_104
INFO: [VRFC 10-311] analyzing module fft_ip_c_addsub_v12_0_20_lut6_legacy__parameterized21_17
INFO: [VRFC 10-311] analyzing module fft_ip_c_addsub_v12_0_20_lut6_legacy__parameterized21_47
INFO: [VRFC 10-311] analyzing module fft_ip_c_addsub_v12_0_20_lut6_legacy__parameterized21_51
INFO: [VRFC 10-311] analyzing module fft_ip_c_addsub_v12_0_20_lut6_legacy__parameterized23
INFO: [VRFC 10-311] analyzing module fft_ip_c_addsub_v12_0_20_lut6_legacy__parameterized25
INFO: [VRFC 10-311] analyzing module fft_ip_c_addsub_v12_0_20_lut6_legacy__parameterized25_27
INFO: [VRFC 10-311] analyzing module fft_ip_c_addsub_v12_0_20_lut6_legacy__parameterized25_73
INFO: [VRFC 10-311] analyzing module fft_ip_c_addsub_v12_0_20_lut6_legacy__parameterized25_77
INFO: [VRFC 10-311] analyzing module fft_ip_c_addsub_v12_0_20_lut6_legacy__parameterized27
INFO: [VRFC 10-311] analyzing module fft_ip_c_addsub_v12_0_20_lut6_legacy__parameterized3
INFO: [VRFC 10-311] analyzing module fft_ip_c_addsub_v12_0_20_lut6_legacy__parameterized5
INFO: [VRFC 10-311] analyzing module fft_ip_c_addsub_v12_0_20_lut6_legacy__parameterized7
INFO: [VRFC 10-311] analyzing module fft_ip_c_addsub_v12_0_20_lut6_legacy__parameterized9
INFO: [VRFC 10-311] analyzing module fft_ip_c_addsub_v12_0_20_lut6_legacy__parameterized9_111
INFO: [VRFC 10-311] analyzing module fft_ip_c_addsub_v12_0_20_lut6_legacy__parameterized9_118
INFO: [VRFC 10-311] analyzing module fft_ip_c_addsub_v12_0_20_lut6_legacy__parameterized9_184
INFO: [VRFC 10-311] analyzing module fft_ip_c_addsub_v12_0_20_lut6_legacy__parameterized9_191
INFO: [VRFC 10-311] analyzing module fft_ip_c_addsub_v12_0_20_lut6_legacy__parameterized9_241
INFO: [VRFC 10-311] analyzing module fft_ip_c_addsub_v12_0_20_lut6_legacy__parameterized9_251
INFO: [VRFC 10-311] analyzing module fft_ip_c_addsub_v12_0_20_lut6_legacy__parameterized9_257
INFO: [VRFC 10-311] analyzing module fft_ip_c_addsub_v12_0_20_lut6_legacy__parameterized9_58
INFO: [VRFC 10-311] analyzing module fft_ip_c_addsub_v12_0_20_viv
INFO: [VRFC 10-311] analyzing module fft_ip_c_addsub_v12_0_20_viv__parameterized0
INFO: [VRFC 10-311] analyzing module fft_ip_c_addsub_v12_0_20_viv__parameterized0__1
INFO: [VRFC 10-311] analyzing module fft_ip_c_addsub_v12_0_20_viv__parameterized1
INFO: [VRFC 10-311] analyzing module fft_ip_c_addsub_v12_0_20_viv__parameterized10
INFO: [VRFC 10-311] analyzing module fft_ip_c_addsub_v12_0_20_viv__parameterized10__1
INFO: [VRFC 10-311] analyzing module fft_ip_c_addsub_v12_0_20_viv__parameterized10__2
INFO: [VRFC 10-311] analyzing module fft_ip_c_addsub_v12_0_20_viv__parameterized10__3
INFO: [VRFC 10-311] analyzing module fft_ip_c_addsub_v12_0_20_viv__parameterized10__4
INFO: [VRFC 10-311] analyzing module fft_ip_c_addsub_v12_0_20_viv__parameterized10__5
INFO: [VRFC 10-311] analyzing module fft_ip_c_addsub_v12_0_20_viv__parameterized11
INFO: [VRFC 10-311] analyzing module fft_ip_c_addsub_v12_0_20_viv__parameterized12
INFO: [VRFC 10-311] analyzing module fft_ip_c_addsub_v12_0_20_viv__parameterized12__1
INFO: [VRFC 10-311] analyzing module fft_ip_c_addsub_v12_0_20_viv__parameterized12__2
INFO: [VRFC 10-311] analyzing module fft_ip_c_addsub_v12_0_20_viv__parameterized12__3
INFO: [VRFC 10-311] analyzing module fft_ip_c_addsub_v12_0_20_viv__parameterized13
INFO: [VRFC 10-311] analyzing module fft_ip_c_addsub_v12_0_20_viv__parameterized2
INFO: [VRFC 10-311] analyzing module fft_ip_c_addsub_v12_0_20_viv__parameterized3
INFO: [VRFC 10-311] analyzing module fft_ip_c_addsub_v12_0_20_viv__parameterized4
INFO: [VRFC 10-311] analyzing module fft_ip_c_addsub_v12_0_20_viv__parameterized4__1
INFO: [VRFC 10-311] analyzing module fft_ip_c_addsub_v12_0_20_viv__parameterized4__2
INFO: [VRFC 10-311] analyzing module fft_ip_c_addsub_v12_0_20_viv__parameterized4__3
INFO: [VRFC 10-311] analyzing module fft_ip_c_addsub_v12_0_20_viv__parameterized4__4
INFO: [VRFC 10-311] analyzing module fft_ip_c_addsub_v12_0_20_viv__parameterized4__5
INFO: [VRFC 10-311] analyzing module fft_ip_c_addsub_v12_0_20_viv__parameterized4__6
INFO: [VRFC 10-311] analyzing module fft_ip_c_addsub_v12_0_20_viv__parameterized4__7
INFO: [VRFC 10-311] analyzing module fft_ip_c_addsub_v12_0_20_viv__parameterized4__8
INFO: [VRFC 10-311] analyzing module fft_ip_c_addsub_v12_0_20_viv__parameterized5
INFO: [VRFC 10-311] analyzing module fft_ip_c_addsub_v12_0_20_viv__parameterized5__1
INFO: [VRFC 10-311] analyzing module fft_ip_c_addsub_v12_0_20_viv__parameterized5__2
INFO: [VRFC 10-311] analyzing module fft_ip_c_addsub_v12_0_20_viv__parameterized5__3
INFO: [VRFC 10-311] analyzing module fft_ip_c_addsub_v12_0_20_viv__parameterized6
INFO: [VRFC 10-311] analyzing module fft_ip_c_addsub_v12_0_20_viv__parameterized6__1
INFO: [VRFC 10-311] analyzing module fft_ip_c_addsub_v12_0_20_viv__parameterized6__2
INFO: [VRFC 10-311] analyzing module fft_ip_c_addsub_v12_0_20_viv__parameterized6__3
INFO: [VRFC 10-311] analyzing module fft_ip_c_addsub_v12_0_20_viv__parameterized7
INFO: [VRFC 10-311] analyzing module fft_ip_c_addsub_v12_0_20_viv__parameterized7__1
INFO: [VRFC 10-311] analyzing module fft_ip_c_addsub_v12_0_20_viv__parameterized8
INFO: [VRFC 10-311] analyzing module fft_ip_c_addsub_v12_0_20_viv__parameterized8__1
INFO: [VRFC 10-311] analyzing module fft_ip_c_addsub_v12_0_20_viv__parameterized9
INFO: [VRFC 10-311] analyzing module fft_ip_c_reg_fd_v12_0_10_viv
INFO: [VRFC 10-311] analyzing module fft_ip_c_reg_fd_v12_0_10_viv_112
INFO: [VRFC 10-311] analyzing module fft_ip_c_reg_fd_v12_0_10_viv_119
INFO: [VRFC 10-311] analyzing module fft_ip_c_reg_fd_v12_0_10_viv_185
INFO: [VRFC 10-311] analyzing module fft_ip_c_reg_fd_v12_0_10_viv_192
INFO: [VRFC 10-311] analyzing module fft_ip_c_reg_fd_v12_0_10_viv_242
INFO: [VRFC 10-311] analyzing module fft_ip_c_reg_fd_v12_0_10_viv_252
INFO: [VRFC 10-311] analyzing module fft_ip_c_reg_fd_v12_0_10_viv_258
INFO: [VRFC 10-311] analyzing module fft_ip_c_reg_fd_v12_0_10_viv_59
INFO: [VRFC 10-311] analyzing module fft_ip_c_reg_fd_v12_0_10_viv__parameterized1
INFO: [VRFC 10-311] analyzing module fft_ip_c_reg_fd_v12_0_10_viv__parameterized11
INFO: [VRFC 10-311] analyzing module fft_ip_c_reg_fd_v12_0_10_viv__parameterized13
INFO: [VRFC 10-311] analyzing module fft_ip_c_reg_fd_v12_0_10_viv__parameterized13_28
INFO: [VRFC 10-311] analyzing module fft_ip_c_reg_fd_v12_0_10_viv__parameterized13_74
INFO: [VRFC 10-311] analyzing module fft_ip_c_reg_fd_v12_0_10_viv__parameterized13_78
INFO: [VRFC 10-311] analyzing module fft_ip_c_reg_fd_v12_0_10_viv__parameterized15
INFO: [VRFC 10-311] analyzing module fft_ip_c_reg_fd_v12_0_10_viv__parameterized1_101
INFO: [VRFC 10-311] analyzing module fft_ip_c_reg_fd_v12_0_10_viv__parameterized1_105
INFO: [VRFC 10-311] analyzing module fft_ip_c_reg_fd_v12_0_10_viv__parameterized1_146
INFO: [VRFC 10-311] analyzing module fft_ip_c_reg_fd_v12_0_10_viv__parameterized1_150
INFO: [VRFC 10-311] analyzing module fft_ip_c_reg_fd_v12_0_10_viv__parameterized1_18
INFO: [VRFC 10-311] analyzing module fft_ip_c_reg_fd_v12_0_10_viv__parameterized1_232
INFO: [VRFC 10-311] analyzing module fft_ip_c_reg_fd_v12_0_10_viv__parameterized1_236
INFO: [VRFC 10-311] analyzing module fft_ip_c_reg_fd_v12_0_10_viv__parameterized1_48
INFO: [VRFC 10-311] analyzing module fft_ip_c_reg_fd_v12_0_10_viv__parameterized1_52
INFO: [VRFC 10-311] analyzing module fft_ip_c_reg_fd_v12_0_10_viv__parameterized3
INFO: [VRFC 10-311] analyzing module fft_ip_c_reg_fd_v12_0_10_viv__parameterized3_145
INFO: [VRFC 10-311] analyzing module fft_ip_c_reg_fd_v12_0_10_viv__parameterized3_224
INFO: [VRFC 10-311] analyzing module fft_ip_c_reg_fd_v12_0_10_viv__parameterized3_228
INFO: [VRFC 10-311] analyzing module fft_ip_c_reg_fd_v12_0_10_viv__parameterized5
INFO: [VRFC 10-311] analyzing module fft_ip_c_reg_fd_v12_0_10_viv__parameterized5_178
INFO: [VRFC 10-311] analyzing module fft_ip_c_reg_fd_v12_0_10_viv__parameterized7
INFO: [VRFC 10-311] analyzing module fft_ip_c_reg_fd_v12_0_10_viv__parameterized7_174
INFO: [VRFC 10-311] analyzing module fft_ip_c_reg_fd_v12_0_10_viv__parameterized9
INFO: [VRFC 10-311] analyzing module fft_ip_dsp
INFO: [VRFC 10-311] analyzing module fft_ip_dsp_132
INFO: [VRFC 10-311] analyzing module fft_ip_dsp_205
INFO: [VRFC 10-311] analyzing module fft_ip_dsp__parameterized0
INFO: [VRFC 10-311] analyzing module fft_ip_dsp__parameterized0_131
INFO: [VRFC 10-311] analyzing module fft_ip_dsp__parameterized0_204
INFO: [VRFC 10-311] analyzing module fft_ip_dsp__parameterized1
INFO: [VRFC 10-311] analyzing module fft_ip_dsp__parameterized1_129
INFO: [VRFC 10-311] analyzing module fft_ip_dsp__parameterized1_202
INFO: [VRFC 10-311] analyzing module fft_ip_glb_ifx_master
INFO: [VRFC 10-311] analyzing module fft_ip_glb_ifx_slave
INFO: [VRFC 10-311] analyzing module fft_ip_glb_ifx_slave__parameterized0
INFO: [VRFC 10-311] analyzing module fft_ip_glb_srl_fifo
INFO: [VRFC 10-311] analyzing module fft_ip_glb_srl_fifo__parameterized1
INFO: [VRFC 10-311] analyzing module fft_ip_glb_srl_fifo__parameterized3
INFO: [VRFC 10-311] analyzing module fft_ip_mult_gen_v12_0_23_delay_line
INFO: [VRFC 10-311] analyzing module fft_ip_mult_gen_v12_0_23_delay_line_133
INFO: [VRFC 10-311] analyzing module fft_ip_mult_gen_v12_0_23_delay_line_206
INFO: [VRFC 10-311] analyzing module fft_ip_mult_gen_v12_0_23_delay_line__parameterized0
INFO: [VRFC 10-311] analyzing module fft_ip_mult_gen_v12_0_23_delay_line__parameterized0_130
INFO: [VRFC 10-311] analyzing module fft_ip_mult_gen_v12_0_23_delay_line__parameterized0_134
INFO: [VRFC 10-311] analyzing module fft_ip_mult_gen_v12_0_23_delay_line__parameterized0_203
INFO: [VRFC 10-311] analyzing module fft_ip_mult_gen_v12_0_23_delay_line__parameterized0_207
INFO: [VRFC 10-311] analyzing module fft_ip_mult_gen_v12_0_23_delay_line__parameterized0_61
INFO: [VRFC 10-311] analyzing module glbl
INFO: [VRFC 10-2263] Analyzing SystemVerilog file "C:/Users/priya/MTTS-Signal-Processing-TS-LINK/ofdm_transmitter_hdl/ofdm_transmitter.srcs/sim_1/new/tb_top.sv" into library xil_defaultlib
INFO: [VRFC 10-311] analyzing module tb_top
