INFO: [VRFC 10-2263] Analyzing Verilog file "C:/Users/priya/MTTS-Signal-Processing-TS-LINK/ofdm_transmitter/ofdm_transmitter.ip_user_files/bd/fft_ip/ip/fft_ip_xlconcat_0_0/sim/fft_ip_xlconcat_0_0.v" into library xil_defaultlib
INFO: [VRFC 10-311] analyzing module fft_ip_xlconcat_0_0
INFO: [VRFC 10-2263] Analyzing Verilog file "C:/Users/priya/MTTS-Signal-Processing-TS-LINK/ofdm_transmitter/ofdm_transmitter.ip_user_files/bd/fft_ip/ip/fft_ip_xlslice_0_0/sim/fft_ip_xlslice_0_0.v" into library xil_defaultlib
INFO: [VRFC 10-311] analyzing module fft_ip_xlslice_0_0
INFO: [VRFC 10-2263] Analyzing Verilog file "C:/Users/priya/MTTS-Signal-Processing-TS-LINK/ofdm_transmitter/ofdm_transmitter.ip_user_files/bd/fft_ip/ip/fft_ip_xlslice_1_0/sim/fft_ip_xlslice_1_0.v" into library xil_defaultlib
INFO: [VRFC 10-311] analyzing module fft_ip_xlslice_1_0
INFO: [VRFC 10-2263] Analyzing Verilog file "C:/Users/priya/MTTS-Signal-Processing-TS-LINK/ofdm_transmitter/ofdm_transmitter.ip_user_files/bd/fft_ip/ip/fft_ip_xlconstant_0_0/sim/fft_ip_xlconstant_0_0.v" into library xil_defaultlib
INFO: [VRFC 10-311] analyzing module fft_ip_xlconstant_0_0
INFO: [VRFC 10-2263] Analyzing Verilog file "C:/Users/priya/MTTS-Signal-Processing-TS-LINK/ofdm_transmitter/ofdm_transmitter.ip_user_files/bd/fft_ip/ip/fft_ip_xlconstant_1_0/sim/fft_ip_xlconstant_1_0.v" into library xil_defaultlib
INFO: [VRFC 10-311] analyzing module fft_ip_xlconstant_1_0
INFO: [VRFC 10-2263] Analyzing Verilog file "C:/Users/priya/MTTS-Signal-Processing-TS-LINK/ofdm_transmitter/ofdm_transmitter.ip_user_files/bd/fft_ip/sim/fft_ip.v" into library xil_defaultlib
INFO: [VRFC 10-311] analyzing module fft_ip
INFO: [VRFC 10-2263] Analyzing Verilog file "C:/Users/priya/MTTS-Signal-Processing-TS-LINK/ofdm_transmitter/ofdm_transmitter.gen/sources_1/bd/fft_ip/hdl/fft_ip_wrapper.v" into library xil_defaultlib
INFO: [VRFC 10-311] analyzing module fft_ip_wrapper
INFO: [VRFC 10-2263] Analyzing SystemVerilog file "C:/Users/priya/MTTS-Signal-Processing-TS-LINK/ofdm_transmitter/ofdm_transmitter.srcs/sources_1/imports/new/tb_ifft.sv" into library xil_defaultlib
INFO: [VRFC 10-311] analyzing module tb_ifft
INFO: [VRFC 10-2263] Analyzing Verilog file "C:/Users/priya/MTTS-Signal-Processing-TS-LINK/ofdm_transmitter/ofdm_transmitter.sim/sim_1/behav/xsim/glbl.v" into library xil_defaultlib
INFO: [VRFC 10-311] analyzing module glbl
INFO: [VRFC 10-163] Analyzing VHDL file "C:/Users/priya/MTTS-Signal-Processing-TS-LINK/ofdm_transmitter/ofdm_transmitter.ip_user_files/bd/fft_ip/ip/fft_ip_xfft_0_0/sim/fft_ip_xfft_0_0.vhd" into library xil_defaultlib
INFO: [VRFC 10-3107] analyzing entity 'fft_ip_xfft_0_0'
