
*** Running vivado
    with args -log top.vds -m64 -product Vivado -mode batch -messageDb vivado.pb -notrace -source top.tcl



****** Vivado v2025.1 (64-bit)
  **** SW Build 6140274 on Thu May 22 00:12:29 MDT 2025
  **** IP Build 6138677 on Thu May 22 03:10:11 MDT 2025
  **** SharedData Build 6139179 on Tue May 20 17:58:58 MDT 2025
  **** Start of session at: Wed Dec 24 21:58:43 2025
    ** Copyright 1986-2022 Xilinx, Inc. All Rights Reserved.
    ** Copyright 2022-2025 Advanced Micro Devices, Inc. All Rights Reserved.

source top.tcl -notrace
create_project: Time (s): cpu = 00:00:11 ; elapsed = 00:00:07 . Memory (MB): peak = 493.863 ; gain = 212.715
Command: read_checkpoint -auto_incremental -incremental C:/Users/priya/MTTS-Signal-Processing-TS-LINK/ofdm_transmitter_hdl/ofdm_transmitter.srcs/utils_1/imports/synth_1/fft_ip_wrapper.dcp
INFO: [Vivado 12-5825] Read reference checkpoint from C:/Users/priya/MTTS-Signal-Processing-TS-LINK/ofdm_transmitter_hdl/ofdm_transmitter.srcs/utils_1/imports/synth_1/fft_ip_wrapper.dcp for incremental synthesis
INFO: [Vivado 12-7989] Please ensure there are no constraint changes
Command: synth_design -top top -part xc7a100tcsg324-1
Starting synth_design
Attempting to get a license for feature 'Synthesis' and/or device 'xc7a100t'
INFO: [Common 17-349] Got license for feature 'Synthesis' and/or device 'xc7a100t'
INFO: [Device 21-403] Loading part xc7a100tcsg324-1
INFO: [Designutils 20-5440] No compile time benefit to using incremental synthesis; A full resynthesis will be run
INFO: [Designutils 20-4379] Flow is switching to default flow due to incremental criteria not met. If you would like to alter this behaviour and have the flow terminate instead, please set the following parameter config_implementation {autoIncr.Synth.RejectBehavior Terminate}
INFO: [Synth 8-7079] Multithreading enabled for synth_design using a maximum of 2 processes.
INFO: [Synth 8-7078] Launching helper process for spawning children vivado processes
INFO: [Synth 8-7075] Helper process launched with PID 26692
---------------------------------------------------------------------------------
Starting RTL Elaboration : Time (s): cpu = 00:00:07 ; elapsed = 00:00:08 . Memory (MB): peak = 1213.148 ; gain = 495.387
---------------------------------------------------------------------------------
INFO: [Synth 8-11241] undeclared symbol 'next_t_valid', assumed default net type 'wire' [C:/Users/priya/MTTS-Signal-Processing-TS-LINK/ofdm_transmitter_hdl/ofdm_transmitter.srcs/sources_1/new/mapping.sv:40]
WARNING: [Synth 8-8895] 'next_t_valid' is already implicitly declared on line 40 [C:/Users/priya/MTTS-Signal-Processing-TS-LINK/ofdm_transmitter_hdl/ofdm_transmitter.srcs/sources_1/new/mapping.sv:61]
WARNING: [Synth 8-6901] identifier 'cstate' is used before its declaration [C:/Users/priya/MTTS-Signal-Processing-TS-LINK/ofdm_transmitter_hdl/ofdm_transmitter.srcs/sources_1/new/mapping.sv:40]
WARNING: [Synth 8-6901] identifier 'IDLE' is used before its declaration [C:/Users/priya/MTTS-Signal-Processing-TS-LINK/ofdm_transmitter_hdl/ofdm_transmitter.srcs/sources_1/new/mapping.sv:40]
INFO: [Synth 8-6157] synthesizing module 'top' [C:/Users/priya/MTTS-Signal-Processing-TS-LINK/ofdm_transmitter_hdl/ofdm_transmitter.srcs/sources_1/new/top.sv:23]
INFO: [Synth 8-6157] synthesizing module 'mapping' [C:/Users/priya/MTTS-Signal-Processing-TS-LINK/ofdm_transmitter_hdl/ofdm_transmitter.srcs/sources_1/new/mapping.sv:24]
INFO: [Synth 8-6157] synthesizing module 'sym1_rom' [C:/Users/priya/MTTS-Signal-Processing-TS-LINK/ofdm_transmitter_hdl/ofdm_transmitter.srcs/sources_1/new/sym1_rom.sv:24]
INFO: [Synth 8-6157] synthesizing module 'sym1_bram' [C:/Users/priya/MTTS-Signal-Processing-TS-LINK/ofdm_transmitter_hdl/ofdm_transmitter.runs/synth_1/.Xil/Vivado-24584-Laptop15/realtime/sym1_bram_stub.v:6]
INFO: [Synth 8-6155] done synthesizing module 'sym1_bram' (0#1) [C:/Users/priya/MTTS-Signal-Processing-TS-LINK/ofdm_transmitter_hdl/ofdm_transmitter.runs/synth_1/.Xil/Vivado-24584-Laptop15/realtime/sym1_bram_stub.v:6]
INFO: [Synth 8-6155] done synthesizing module 'sym1_rom' (0#1) [C:/Users/priya/MTTS-Signal-Processing-TS-LINK/ofdm_transmitter_hdl/ofdm_transmitter.srcs/sources_1/new/sym1_rom.sv:24]
INFO: [Synth 8-6157] synthesizing module 'sym2_rom' [C:/Users/priya/MTTS-Signal-Processing-TS-LINK/ofdm_transmitter_hdl/ofdm_transmitter.srcs/sources_1/new/sym2_rom.sv:24]
INFO: [Synth 8-6157] synthesizing module 'sym2_bram' [C:/Users/priya/MTTS-Signal-Processing-TS-LINK/ofdm_transmitter_hdl/ofdm_transmitter.runs/synth_1/.Xil/Vivado-24584-Laptop15/realtime/sym2_bram_stub.v:6]
INFO: [Synth 8-6155] done synthesizing module 'sym2_bram' (0#1) [C:/Users/priya/MTTS-Signal-Processing-TS-LINK/ofdm_transmitter_hdl/ofdm_transmitter.runs/synth_1/.Xil/Vivado-24584-Laptop15/realtime/sym2_bram_stub.v:6]
INFO: [Synth 8-6155] done synthesizing module 'sym2_rom' (0#1) [C:/Users/priya/MTTS-Signal-Processing-TS-LINK/ofdm_transmitter_hdl/ofdm_transmitter.srcs/sources_1/new/sym2_rom.sv:24]
INFO: [Synth 8-6157] synthesizing module 'message_rom' [C:/Users/priya/MTTS-Signal-Processing-TS-LINK/ofdm_transmitter_hdl/ofdm_transmitter.srcs/sources_1/new/message_rom.sv:24]
INFO: [Synth 8-6157] synthesizing module 'message_bram' [C:/Users/priya/MTTS-Signal-Processing-TS-LINK/ofdm_transmitter_hdl/ofdm_transmitter.runs/synth_1/.Xil/Vivado-24584-Laptop15/realtime/message_bram_stub.v:6]
INFO: [Synth 8-6155] done synthesizing module 'message_bram' (0#1) [C:/Users/priya/MTTS-Signal-Processing-TS-LINK/ofdm_transmitter_hdl/ofdm_transmitter.runs/synth_1/.Xil/Vivado-24584-Laptop15/realtime/message_bram_stub.v:6]
INFO: [Synth 8-6155] done synthesizing module 'message_rom' (0#1) [C:/Users/priya/MTTS-Signal-Processing-TS-LINK/ofdm_transmitter_hdl/ofdm_transmitter.srcs/sources_1/new/message_rom.sv:24]
INFO: [Synth 8-6157] synthesizing module 'counter' [C:/Users/priya/MTTS-Signal-Processing-TS-LINK/ofdm_transmitter_hdl/ofdm_transmitter.srcs/sources_1/new/counter.sv:24]
	Parameter SIZE bound to: 10 - type: integer 
INFO: [Synth 8-6155] done synthesizing module 'counter' (0#1) [C:/Users/priya/MTTS-Signal-Processing-TS-LINK/ofdm_transmitter_hdl/ofdm_transmitter.srcs/sources_1/new/counter.sv:24]
INFO: [Synth 8-6157] synthesizing module 'counter__parameterized0' [C:/Users/priya/MTTS-Signal-Processing-TS-LINK/ofdm_transmitter_hdl/ofdm_transmitter.srcs/sources_1/new/counter.sv:24]
	Parameter SIZE bound to: 4 - type: integer 
INFO: [Synth 8-6155] done synthesizing module 'counter__parameterized0' (0#1) [C:/Users/priya/MTTS-Signal-Processing-TS-LINK/ofdm_transmitter_hdl/ofdm_transmitter.srcs/sources_1/new/counter.sv:24]
INFO: [Synth 8-6155] done synthesizing module 'mapping' (0#1) [C:/Users/priya/MTTS-Signal-Processing-TS-LINK/ofdm_transmitter_hdl/ofdm_transmitter.srcs/sources_1/new/mapping.sv:24]
INFO: [Synth 8-6157] synthesizing module 'fft_ip_wrapper' [C:/Users/priya/MTTS-Signal-Processing-TS-LINK/ofdm_transmitter_hdl/ofdm_transmitter.gen/sources_1/bd/fft_ip/hdl/fft_ip_wrapper.v:13]
INFO: [Synth 8-6157] synthesizing module 'fft_ip' [C:/Users/priya/MTTS-Signal-Processing-TS-LINK/ofdm_transmitter_hdl/ofdm_transmitter.runs/synth_1/.Xil/Vivado-24584-Laptop15/realtime/fft_ip_stub.v:6]
INFO: [Synth 8-6155] done synthesizing module 'fft_ip' (0#1) [C:/Users/priya/MTTS-Signal-Processing-TS-LINK/ofdm_transmitter_hdl/ofdm_transmitter.runs/synth_1/.Xil/Vivado-24584-Laptop15/realtime/fft_ip_stub.v:6]
INFO: [Synth 8-6155] done synthesizing module 'fft_ip_wrapper' (0#1) [C:/Users/priya/MTTS-Signal-Processing-TS-LINK/ofdm_transmitter_hdl/ofdm_transmitter.gen/sources_1/bd/fft_ip/hdl/fft_ip_wrapper.v:13]
INFO: [Synth 8-6155] done synthesizing module 'top' (0#1) [C:/Users/priya/MTTS-Signal-Processing-TS-LINK/ofdm_transmitter_hdl/ofdm_transmitter.srcs/sources_1/new/top.sv:23]
WARNING: [Synth 8-7129] Port t_ready in module mapping is either unconnected or has no load
---------------------------------------------------------------------------------
Finished RTL Elaboration : Time (s): cpu = 00:00:09 ; elapsed = 00:00:10 . Memory (MB): peak = 1322.801 ; gain = 605.039
---------------------------------------------------------------------------------
---------------------------------------------------------------------------------
Start Handling Custom Attributes
---------------------------------------------------------------------------------
---------------------------------------------------------------------------------
Finished Handling Custom Attributes : Time (s): cpu = 00:00:09 ; elapsed = 00:00:10 . Memory (MB): peak = 1322.801 ; gain = 605.039
---------------------------------------------------------------------------------
---------------------------------------------------------------------------------
Finished RTL Optimization Phase 1 : Time (s): cpu = 00:00:09 ; elapsed = 00:00:10 . Memory (MB): peak = 1322.801 ; gain = 605.039
---------------------------------------------------------------------------------
Netlist sorting complete. Time (s): cpu = 00:00:00 ; elapsed = 00:00:00.003 . Memory (MB): peak = 1322.801 ; gain = 0.000
INFO: [Project 1-570] Preparing netlist for logic optimization

Processing XDC Constraints
Initializing timing engine
Parsing XDC File [c:/Users/priya/MTTS-Signal-Processing-TS-LINK/ofdm_transmitter_hdl/ofdm_transmitter.gen/sources_1/ip/sym1_bram/sym1_bram/sym1_bram_in_context.xdc] for cell 'map/u_sym1_rom/u_sym1'
Finished Parsing XDC File [c:/Users/priya/MTTS-Signal-Processing-TS-LINK/ofdm_transmitter_hdl/ofdm_transmitter.gen/sources_1/ip/sym1_bram/sym1_bram/sym1_bram_in_context.xdc] for cell 'map/u_sym1_rom/u_sym1'
Parsing XDC File [c:/Users/priya/MTTS-Signal-Processing-TS-LINK/ofdm_transmitter_hdl/ofdm_transmitter.gen/sources_1/ip/sym2_bram/sym2_bram/sym2_bram_in_context.xdc] for cell 'map/u_sym2_rom/u_sym2'
Finished Parsing XDC File [c:/Users/priya/MTTS-Signal-Processing-TS-LINK/ofdm_transmitter_hdl/ofdm_transmitter.gen/sources_1/ip/sym2_bram/sym2_bram/sym2_bram_in_context.xdc] for cell 'map/u_sym2_rom/u_sym2'
Parsing XDC File [c:/Users/priya/MTTS-Signal-Processing-TS-LINK/ofdm_transmitter_hdl/ofdm_transmitter.gen/sources_1/ip/message_bram/message_bram/message_bram_in_context.xdc] for cell 'map/u_msg_rom/u_msg1'
Finished Parsing XDC File [c:/Users/priya/MTTS-Signal-Processing-TS-LINK/ofdm_transmitter_hdl/ofdm_transmitter.gen/sources_1/ip/message_bram/message_bram/message_bram_in_context.xdc] for cell 'map/u_msg_rom/u_msg1'
Parsing XDC File [c:/Users/priya/MTTS-Signal-Processing-TS-LINK/ofdm_transmitter_hdl/ofdm_transmitter.gen/sources_1/bd/fft_ip/fft_ip/fft_ip_in_context.xdc] for cell 'ifft/fft_ip_i'
Finished Parsing XDC File [c:/Users/priya/MTTS-Signal-Processing-TS-LINK/ofdm_transmitter_hdl/ofdm_transmitter.gen/sources_1/bd/fft_ip/fft_ip/fft_ip_in_context.xdc] for cell 'ifft/fft_ip_i'
Completed Processing XDC Constraints

Netlist sorting complete. Time (s): cpu = 00:00:00 ; elapsed = 00:00:00 . Memory (MB): peak = 1391.289 ; gain = 0.000
INFO: [Project 1-111] Unisim Transformation Summary:
No Unisim elements were transformed.

Constraint Validation Runtime : Time (s): cpu = 00:00:00 ; elapsed = 00:00:00.004 . Memory (MB): peak = 1391.289 ; gain = 0.000
INFO: [Designutils 20-5440] No compile time benefit to using incremental synthesis; A full resynthesis will be run
INFO: [Designutils 20-4379] Flow is switching to default flow due to incremental criteria not met. If you would like to alter this behaviour and have the flow terminate instead, please set the following parameter config_implementation {autoIncr.Synth.RejectBehavior Terminate}
---------------------------------------------------------------------------------
Finished Constraint Validation : Time (s): cpu = 00:00:19 ; elapsed = 00:00:20 . Memory (MB): peak = 1391.289 ; gain = 673.527
---------------------------------------------------------------------------------
---------------------------------------------------------------------------------
Start Loading Part and Timing Information
---------------------------------------------------------------------------------
Loading part: xc7a100tcsg324-1
---------------------------------------------------------------------------------
Finished Loading Part and Timing Information : Time (s): cpu = 00:00:19 ; elapsed = 00:00:20 . Memory (MB): peak = 1391.289 ; gain = 673.527
---------------------------------------------------------------------------------
---------------------------------------------------------------------------------
Start Applying 'set_property' XDC Constraints
---------------------------------------------------------------------------------
---------------------------------------------------------------------------------
Finished applying 'set_property' XDC Constraints : Time (s): cpu = 00:00:19 ; elapsed = 00:00:20 . Memory (MB): peak = 1391.289 ; gain = 673.527
---------------------------------------------------------------------------------
INFO: [Synth 8-802] inferred FSM for state register 'cstate_reg' in module 'mapping'
---------------------------------------------------------------------------------------------------
                   State |                     New Encoding |                Previous Encoding 
---------------------------------------------------------------------------------------------------
                    IDLE |                               00 |                               00
                    SYM1 |                               01 |                               01
                    SYM2 |                               10 |                               10
                 MESSAGE |                               11 |                               11
---------------------------------------------------------------------------------------------------
INFO: [Synth 8-3354] encoded FSM with state register 'cstate_reg' using encoding 'sequential' in module 'mapping'
---------------------------------------------------------------------------------
Finished RTL Optimization Phase 2 : Time (s): cpu = 00:00:19 ; elapsed = 00:00:21 . Memory (MB): peak = 1391.289 ; gain = 673.527
---------------------------------------------------------------------------------
---------------------------------------------------------------------------------
Start RTL Component Statistics 
---------------------------------------------------------------------------------
Detailed RTL Component Info : 
+---Adders : 
	   2 Input   32 Bit       Adders := 2     
	   2 Input   10 Bit       Adders := 1     
	   2 Input    4 Bit       Adders := 2     
+---Registers : 
	               16 Bit    Registers := 2     
	               10 Bit    Registers := 1     
	                4 Bit    Registers := 1     
	                1 Bit    Registers := 4     
+---Muxes : 
	   2 Input   16 Bit        Muxes := 4     
	   4 Input   16 Bit        Muxes := 2     
	   2 Input   10 Bit        Muxes := 1     
	   4 Input   10 Bit        Muxes := 1     
	   2 Input    4 Bit        Muxes := 1     
	   4 Input    4 Bit        Muxes := 1     
	   2 Input    2 Bit        Muxes := 6     
	   4 Input    2 Bit        Muxes := 2     
	   3 Input    1 Bit        Muxes := 2     
	   2 Input    1 Bit        Muxes := 4     
---------------------------------------------------------------------------------
Finished RTL Component Statistics 
---------------------------------------------------------------------------------
---------------------------------------------------------------------------------
Start Part Resource Summary
---------------------------------------------------------------------------------
Part Resources:
DSPs: 240 (col length:80)
BRAMs: 270 (col length: RAMB18 80 RAMB36 40)
---------------------------------------------------------------------------------
Finished Part Resource Summary
---------------------------------------------------------------------------------
---------------------------------------------------------------------------------
Start Cross Boundary and Area Optimization
---------------------------------------------------------------------------------
WARNING: [Synth 8-7080] Parallel synthesis criteria is not met
---------------------------------------------------------------------------------
Finished Cross Boundary and Area Optimization : Time (s): cpu = 00:00:22 ; elapsed = 00:00:23 . Memory (MB): peak = 1391.289 ; gain = 673.527
---------------------------------------------------------------------------------
---------------------------------------------------------------------------------
Start Applying XDC Timing Constraints
---------------------------------------------------------------------------------
---------------------------------------------------------------------------------
Finished Applying XDC Timing Constraints : Time (s): cpu = 00:00:28 ; elapsed = 00:00:30 . Memory (MB): peak = 1524.648 ; gain = 806.887
---------------------------------------------------------------------------------
---------------------------------------------------------------------------------
Start Timing Optimization
---------------------------------------------------------------------------------
---------------------------------------------------------------------------------
Finished Timing Optimization : Time (s): cpu = 00:00:28 ; elapsed = 00:00:30 . Memory (MB): peak = 1524.984 ; gain = 807.223
---------------------------------------------------------------------------------
---------------------------------------------------------------------------------
Start Technology Mapping
---------------------------------------------------------------------------------
---------------------------------------------------------------------------------
Finished Technology Mapping : Time (s): cpu = 00:00:28 ; elapsed = 00:00:30 . Memory (MB): peak = 1544.051 ; gain = 826.289
---------------------------------------------------------------------------------
---------------------------------------------------------------------------------
Start IO Insertion
---------------------------------------------------------------------------------
---------------------------------------------------------------------------------
Start Flattening Before IO Insertion
---------------------------------------------------------------------------------
---------------------------------------------------------------------------------
Finished Flattening Before IO Insertion
---------------------------------------------------------------------------------
---------------------------------------------------------------------------------
Start Final Netlist Cleanup
---------------------------------------------------------------------------------
---------------------------------------------------------------------------------
Finished Final Netlist Cleanup
---------------------------------------------------------------------------------
---------------------------------------------------------------------------------
Finished IO Insertion : Time (s): cpu = 00:00:33 ; elapsed = 00:00:35 . Memory (MB): peak = 1769.293 ; gain = 1051.531
---------------------------------------------------------------------------------
---------------------------------------------------------------------------------
Start Renaming Generated Instances
---------------------------------------------------------------------------------
---------------------------------------------------------------------------------
Finished Renaming Generated Instances : Time (s): cpu = 00:00:33 ; elapsed = 00:00:35 . Memory (MB): peak = 1769.293 ; gain = 1051.531
---------------------------------------------------------------------------------
---------------------------------------------------------------------------------
Start Rebuilding User Hierarchy
---------------------------------------------------------------------------------
---------------------------------------------------------------------------------
Finished Rebuilding User Hierarchy : Time (s): cpu = 00:00:33 ; elapsed = 00:00:35 . Memory (MB): peak = 1769.293 ; gain = 1051.531
---------------------------------------------------------------------------------
---------------------------------------------------------------------------------
Start Renaming Generated Ports
---------------------------------------------------------------------------------
---------------------------------------------------------------------------------
Finished Renaming Generated Ports : Time (s): cpu = 00:00:33 ; elapsed = 00:00:35 . Memory (MB): peak = 1769.293 ; gain = 1051.531
---------------------------------------------------------------------------------
---------------------------------------------------------------------------------
Start Handling Custom Attributes
---------------------------------------------------------------------------------
---------------------------------------------------------------------------------
Finished Handling Custom Attributes : Time (s): cpu = 00:00:33 ; elapsed = 00:00:35 . Memory (MB): peak = 1769.293 ; gain = 1051.531
---------------------------------------------------------------------------------
---------------------------------------------------------------------------------
Start Renaming Generated Nets
---------------------------------------------------------------------------------
---------------------------------------------------------------------------------
Finished Renaming Generated Nets : Time (s): cpu = 00:00:33 ; elapsed = 00:00:35 . Memory (MB): peak = 1769.293 ; gain = 1051.531
---------------------------------------------------------------------------------
---------------------------------------------------------------------------------
Start Writing Synthesis Report
---------------------------------------------------------------------------------

Report BlackBoxes: 
+------+--------------+----------+
|      |BlackBox name |Instances |
+------+--------------+----------+
|1     |fft_ip        |         1|
|2     |message_bram  |         1|
|3     |sym1_bram     |         1|
|4     |sym2_bram     |         1|
+------+--------------+----------+

Report Cell Usage: 
+------+-------------+------+
|      |Cell         |Count |
+------+-------------+------+
|1     |fft_ip       |     1|
|2     |message_bram |     1|
|3     |sym1_bram    |     1|
|4     |sym2_bram    |     1|
|5     |BUFG         |     1|
|6     |CARRY4       |     1|
|7     |LUT1         |     2|
|8     |LUT2         |     3|
|9     |LUT3         |     7|
|10    |LUT4         |    10|
|11    |LUT5         |     7|
|12    |LUT6         |    14|
|13    |FDRE         |    28|
|14    |IBUF         |     7|
|15    |OBUF         |    34|
+------+-------------+------+
---------------------------------------------------------------------------------
Finished Writing Synthesis Report : Time (s): cpu = 00:00:33 ; elapsed = 00:00:35 . Memory (MB): peak = 1769.293 ; gain = 1051.531
---------------------------------------------------------------------------------
Synthesis finished with 0 errors, 0 critical warnings and 1 warnings.
Synthesis Optimization Runtime : Time (s): cpu = 00:00:22 ; elapsed = 00:00:33 . Memory (MB): peak = 1769.293 ; gain = 983.043
Synthesis Optimization Complete : Time (s): cpu = 00:00:33 ; elapsed = 00:00:36 . Memory (MB): peak = 1769.293 ; gain = 1051.531
INFO: [Project 1-571] Translating synthesized netlist
Netlist sorting complete. Time (s): cpu = 00:00:00 ; elapsed = 00:00:00.002 . Memory (MB): peak = 1778.449 ; gain = 0.000
INFO: [Netlist 29-17] Analyzing 1 Unisim elements for replacement
INFO: [Netlist 29-28] Unisim Transformation completed in 0 CPU seconds
INFO: [Project 1-570] Preparing netlist for logic optimization
INFO: [Opt 31-138] Pushed 0 inverter(s) to 0 load pin(s).
Netlist sorting complete. Time (s): cpu = 00:00:00 ; elapsed = 00:00:00 . Memory (MB): peak = 1782.125 ; gain = 0.000
INFO: [Project 1-111] Unisim Transformation Summary:
No Unisim elements were transformed.

Synth Design complete | Checksum: 53dc5a49
INFO: [Common 17-83] Releasing license: Synthesis
47 Infos, 5 Warnings, 0 Critical Warnings and 0 Errors encountered.
synth_design completed successfully
synth_design: Time (s): cpu = 00:00:39 ; elapsed = 00:01:08 . Memory (MB): peak = 1782.125 ; gain = 1275.367
Write ShapeDB Complete: Time (s): cpu = 00:00:00 ; elapsed = 00:00:00.002 . Memory (MB): peak = 1782.125 ; gain = 0.000
INFO: [Common 17-1381] The checkpoint 'C:/Users/priya/MTTS-Signal-Processing-TS-LINK/ofdm_transmitter_hdl/ofdm_transmitter.runs/synth_1/top.dcp' has been generated.
INFO: [Vivado 12-24828] Executing command : report_utilization -file top_utilization_synth.rpt -pb top_utilization_synth.pb
INFO: [Common 17-206] Exiting Vivado at Wed Dec 24 22:00:03 2025...
